{"C:\\Users\\andre.souza\\Documents\\estudos\\testes\\StarWiki\\src\\components\\index.ts": {"path":"C:\\Users\\andre.souza\\Documents\\estudos\\testes\\StarWiki\\src\\components\\index.ts","statementMap":{},"fnMap":{},"branchMap":{},"s":{},"f":{},"b":{},"_coverageSchema":"1a1c01bbd47fc00a2c39e90264f33305004495a9","hash":"aea35917151ebb07fe0753d8bb008f5b63695542"}
,"C:\\Users\\andre.souza\\Documents\\estudos\\testes\\StarWiki\\src\\components\\BottomBar\\index.tsx": {"path":"C:\\Users\\andre.souza\\Documents\\estudos\\testes\\StarWiki\\src\\components\\BottomBar\\index.tsx","statementMap":{"0":{"start":{"line":8,"column":19},"end":{"line":12,"column":1}},"1":{"start":{"line":17,"column":4},"end":{"line":17,"column":9}},"2":{"start":{"line":19,"column":25},"end":{"line":84,"column":1}},"3":{"start":{"line":24,"column":2},"end":{"line":83,"column":3}},"4":{"start":{"line":27,"column":28},"end":{"line":27,"column":50}},"5":{"start":{"line":29,"column":10},"end":{"line":33,"column":24}},"6":{"start":{"line":35,"column":26},"end":{"line":35,"column":47}},"7":{"start":{"line":37,"column":24},"end":{"line":48,"column":9}},"8":{"start":{"line":38,"column":24},"end":{"line":42,"column":12}},"9":{"start":{"line":44,"column":10},"end":{"line":47,"column":11}},"10":{"start":{"line":46,"column":12},"end":{"line":46,"column":66}},"11":{"start":{"line":50,"column":28},"end":{"line":55,"column":9}},"12":{"start":{"line":51,"column":10},"end":{"line":54,"column":12}},"13":{"start":{"line":57,"column":8},"end":{"line":80,"column":9}}},"fnMap":{"0":{"name":"(anonymous_0)","decl":{"start":{"line":19,"column":25},"end":{"line":19,"column":26}},"loc":{"start":{"line":23,"column":25},"end":{"line":84,"column":1}},"line":23},"1":{"name":"(anonymous_1)","decl":{"start":{"line":26,"column":24},"end":{"line":26,"column":25}},"loc":{"start":{"line":26,"column":42},"end":{"line":81,"column":7}},"line":26},"2":{"name":"(anonymous_2)","decl":{"start":{"line":37,"column":24},"end":{"line":37,"column":25}},"loc":{"start":{"line":37,"column":30},"end":{"line":48,"column":9}},"line":37},"3":{"name":"(anonymous_3)","decl":{"start":{"line":50,"column":28},"end":{"line":50,"column":29}},"loc":{"start":{"line":50,"column":34},"end":{"line":55,"column":9}},"line":50}},"branchMap":{"0":{"loc":{"start":{"line":29,"column":10},"end":{"line":33,"column":24}},"type":"cond-expr","locations":[{"start":{"line":30,"column":14},"end":{"line":30,"column":33}},{"start":{"line":31,"column":14},"end":{"line":33,"column":24}}],"line":29},"1":{"loc":{"start":{"line":31,"column":14},"end":{"line":33,"column":24}},"type":"cond-expr","locations":[{"start":{"line":32,"column":14},"end":{"line":32,"column":27}},{"start":{"line":33,"column":14},"end":{"line":33,"column":24}}],"line":31},"2":{"loc":{"start":{"line":44,"column":10},"end":{"line":47,"column":11}},"type":"if","locations":[{"start":{"line":44,"column":10},"end":{"line":47,"column":11}},{"start":{},"end":{}}],"line":44},"3":{"loc":{"start":{"line":44,"column":14},"end":{"line":44,"column":51}},"type":"binary-expr","locations":[{"start":{"line":44,"column":14},"end":{"line":44,"column":24}},{"start":{"line":44,"column":28},"end":{"line":44,"column":51}}],"line":44},"4":{"loc":{"start":{"line":60,"column":32},"end":{"line":60,"column":67}},"type":"cond-expr","locations":[{"start":{"line":60,"column":44},"end":{"line":60,"column":62}},{"start":{"line":60,"column":65},"end":{"line":60,"column":67}}],"line":60},"5":{"loc":{"start":{"line":70,"column":21},"end":{"line":70,"column":58}},"type":"cond-expr","locations":[{"start":{"line":70,"column":33},"end":{"line":70,"column":43}},{"start":{"line":70,"column":46},"end":{"line":70,"column":58}}],"line":70},"6":{"loc":{"start":{"line":75,"column":21},"end":{"line":75,"column":58}},"type":"cond-expr","locations":[{"start":{"line":75,"column":33},"end":{"line":75,"column":43}},{"start":{"line":75,"column":46},"end":{"line":75,"column":58}}],"line":75}},"s":{"0":1,"1":1,"2":1,"3":0,"4":0,"5":0,"6":0,"7":0,"8":0,"9":0,"10":0,"11":0,"12":0,"13":0},"f":{"0":0,"1":0,"2":0,"3":0},"b":{"0":[0,0],"1":[0,0],"2":[0,0],"3":[0,0],"4":[0,0],"5":[0,0],"6":[0,0]},"_coverageSchema":"1a1c01bbd47fc00a2c39e90264f33305004495a9","hash":"49f0d33642a7f8f150293b6acbe6b5c7c85bfb1d"}
,"C:\\Users\\andre.souza\\Documents\\estudos\\testes\\StarWiki\\src\\components\\CustomTheme\\index.tsx": {"path":"C:\\Users\\andre.souza\\Documents\\estudos\\testes\\StarWiki\\src\\components\\CustomTheme\\index.tsx","statementMap":{"0":{"start":{"line":9,"column":27},"end":{"line":11,"column":1}},"1":{"start":{"line":10,"column":2},"end":{"line":10,"column":57}}},"fnMap":{"0":{"name":"(anonymous_0)","decl":{"start":{"line":9,"column":27},"end":{"line":9,"column":28}},"loc":{"start":{"line":10,"column":2},"end":{"line":10,"column":57}},"line":10}},"branchMap":{},"s":{"0":1,"1":7},"f":{"0":7},"b":{},"_coverageSchema":"1a1c01bbd47fc00a2c39e90264f33305004495a9","hash":"d76add666bb640569cb25382facbcbd579139f3c"}
,"C:\\Users\\andre.souza\\Documents\\estudos\\testes\\StarWiki\\src\\components\\Hero\\index.tsx": {"path":"C:\\Users\\andre.souza\\Documents\\estudos\\testes\\StarWiki\\src\\components\\Hero\\index.tsx","statementMap":{"0":{"start":{"line":30,"column":20},"end":{"line":111,"column":1}},"1":{"start":{"line":31,"column":38},"end":{"line":31,"column":53}},"2":{"start":{"line":33,"column":56},"end":{"line":33,"column":70}},"3":{"start":{"line":34,"column":54},"end":{"line":34,"column":58}},"4":{"start":{"line":35,"column":15},"end":{"line":35,"column":51}},"5":{"start":{"line":37,"column":26},"end":{"line":44,"column":3}},"6":{"start":{"line":38,"column":22},"end":{"line":38,"column":42}},"7":{"start":{"line":39,"column":26},"end":{"line":41,"column":5}},"8":{"start":{"line":40,"column":20},"end":{"line":40,"column":76}},"9":{"start":{"line":43,"column":4},"end":{"line":43,"column":32}},"10":{"start":{"line":47,"column":4},"end":{"line":47,"column":27}},"11":{"start":{"line":48,"column":4},"end":{"line":48,"column":21}},"12":{"start":{"line":52,"column":4},"end":{"line":52,"column":30}},"13":{"start":{"line":53,"column":4},"end":{"line":53,"column":21}},"14":{"start":{"line":56,"column":2},"end":{"line":59,"column":8}},"15":{"start":{"line":57,"column":4},"end":{"line":57,"column":21}},"16":{"start":{"line":61,"column":2},"end":{"line":110,"column":3}},"17":{"start":{"line":89,"column":20},"end":{"line":91,"column":44}}},"fnMap":{"0":{"name":"(anonymous_0)","decl":{"start":{"line":30,"column":20},"end":{"line":30,"column":21}},"loc":{"start":{"line":30,"column":55},"end":{"line":111,"column":1}},"line":30},"1":{"name":"(anonymous_1)","decl":{"start":{"line":37,"column":26},"end":{"line":37,"column":27}},"loc":{"start":{"line":37,"column":38},"end":{"line":44,"column":3}},"line":37},"2":{"name":"(anonymous_2)","decl":{"start":{"line":40,"column":6},"end":{"line":40,"column":7}},"loc":{"start":{"line":40,"column":20},"end":{"line":40,"column":76}},"line":40},"3":{"name":"addDataToFavorites","decl":{"start":{"line":46,"column":17},"end":{"line":46,"column":35}},"loc":{"start":{"line":46,"column":38},"end":{"line":49,"column":3}},"line":46},"4":{"name":"removeDataFromFavorites","decl":{"start":{"line":51,"column":17},"end":{"line":51,"column":40}},"loc":{"start":{"line":51,"column":43},"end":{"line":54,"column":3}},"line":51},"5":{"name":"(anonymous_5)","decl":{"start":{"line":56,"column":12},"end":{"line":56,"column":13}},"loc":{"start":{"line":56,"column":18},"end":{"line":59,"column":3}},"line":56},"6":{"name":"(anonymous_6)","decl":{"start":{"line":88,"column":27},"end":{"line":88,"column":28}},"loc":{"start":{"line":89,"column":20},"end":{"line":91,"column":44}},"line":89},"7":{"name":"(anonymous_7)","decl":{"start":{"line":95,"column":58},"end":{"line":95,"column":59}},"loc":{"start":{"line":95,"column":64},"end":{"line":95,"column":66}},"line":95},"8":{"name":"(anonymous_8)","decl":{"start":{"line":101,"column":29},"end":{"line":101,"column":30}},"loc":{"start":{"line":101,"column":35},"end":{"line":101,"column":37}},"line":101}},"branchMap":{"0":{"loc":{"start":{"line":35,"column":15},"end":{"line":35,"column":51}},"type":"cond-expr","locations":[{"start":{"line":35,"column":29},"end":{"line":35,"column":36}},{"start":{"line":35,"column":39},"end":{"line":35,"column":51}}],"line":35},"1":{"loc":{"start":{"line":40,"column":20},"end":{"line":40,"column":76}},"type":"binary-expr","locations":[{"start":{"line":40,"column":20},"end":{"line":40,"column":43}},{"start":{"line":40,"column":47},"end":{"line":40,"column":76}}],"line":40},"2":{"loc":{"start":{"line":71,"column":13},"end":{"line":71,"column":47}},"type":"binary-expr","locations":[{"start":{"line":71,"column":13},"end":{"line":71,"column":22}},{"start":{"line":71,"column":26},"end":{"line":71,"column":47}}],"line":71},"3":{"loc":{"start":{"line":84,"column":25},"end":{"line":84,"column":67}},"type":"cond-expr","locations":[{"start":{"line":84,"column":38},"end":{"line":84,"column":46}},{"start":{"line":84,"column":49},"end":{"line":84,"column":67}}],"line":84},"4":{"loc":{"start":{"line":86,"column":20},"end":{"line":86,"column":79}},"type":"cond-expr","locations":[{"start":{"line":86,"column":33},"end":{"line":86,"column":56}},{"start":{"line":86,"column":59},"end":{"line":86,"column":79}}],"line":86},"5":{"loc":{"start":{"line":89,"column":20},"end":{"line":91,"column":44}},"type":"cond-expr","locations":[{"start":{"line":90,"column":24},"end":{"line":90,"column":49}},{"start":{"line":91,"column":24},"end":{"line":91,"column":44}}],"line":89},"6":{"loc":{"start":{"line":95,"column":17},"end":{"line":95,"column":70}},"type":"binary-expr","locations":[{"start":{"line":95,"column":17},"end":{"line":95,"column":33}},{"start":{"line":95,"column":37},"end":{"line":95,"column":70}}],"line":95},"7":{"loc":{"start":{"line":97,"column":17},"end":{"line":103,"column":17}},"type":"binary-expr","locations":[{"start":{"line":97,"column":17},"end":{"line":97,"column":26}},{"start":{"line":98,"column":18},"end":{"line":102,"column":20}}],"line":97}},"s":{"0":1,"1":7,"2":7,"3":0,"4":0,"5":0,"6":0,"7":0,"8":0,"9":0,"10":0,"11":0,"12":0,"13":0,"14":0,"15":0,"16":0,"17":0},"f":{"0":7,"1":0,"2":0,"3":0,"4":0,"5":0,"6":0,"7":0,"8":0},"b":{"0":[0,0],"1":[0,0],"2":[0,0],"3":[0,0],"4":[0,0],"5":[0,0],"6":[0,0],"7":[0,0]},"_coverageSchema":"1a1c01bbd47fc00a2c39e90264f33305004495a9","hash":"56a962ce491355a987247f899350c6ff60799f99"}
,"C:\\Users\\andre.souza\\Documents\\estudos\\testes\\StarWiki\\src\\components\\IconButton\\index.tsx": {"path":"C:\\Users\\andre.souza\\Documents\\estudos\\testes\\StarWiki\\src\\components\\IconButton\\index.tsx","statementMap":{"0":{"start":{"line":13,"column":26},"end":{"line":26,"column":1}},"1":{"start":{"line":14,"column":2},"end":{"line":25,"column":3}}},"fnMap":{"0":{"name":"(anonymous_0)","decl":{"start":{"line":13,"column":26},"end":{"line":13,"column":27}},"loc":{"start":{"line":13,"column":77},"end":{"line":26,"column":1}},"line":13}},"branchMap":{},"s":{"0":1,"1":0},"f":{"0":0},"b":{},"_coverageSchema":"1a1c01bbd47fc00a2c39e90264f33305004495a9","hash":"b449ec2aa187160bf0047d1993cd564a65d3ab6a"}
,"C:\\Users\\andre.souza\\Documents\\estudos\\testes\\StarWiki\\src\\components\\Logo\\index.tsx": {"path":"C:\\Users\\andre.souza\\Documents\\estudos\\testes\\StarWiki\\src\\components\\Logo\\index.tsx","statementMap":{"0":{"start":{"line":10,"column":20},"end":{"line":12,"column":1}},"1":{"start":{"line":11,"column":2},"end":{"line":11,"column":73}}},"fnMap":{"0":{"name":"(anonymous_0)","decl":{"start":{"line":10,"column":20},"end":{"line":10,"column":21}},"loc":{"start":{"line":10,"column":45},"end":{"line":12,"column":1}},"line":10}},"branchMap":{},"s":{"0":1,"1":0},"f":{"0":0},"b":{},"_coverageSchema":"1a1c01bbd47fc00a2c39e90264f33305004495a9","hash":"3f5c4f58380f39e02eba1cc04bc521e1a20840e2"}
,"C:\\Users\\andre.souza\\Documents\\estudos\\testes\\StarWiki\\src\\components\\Text\\index.ts": {"path":"C:\\Users\\andre.souza\\Documents\\estudos\\testes\\StarWiki\\src\\components\\Text\\index.ts","statementMap":{"0":{"start":{"line":3,"column":26},"end":{"line":14,"column":1}},"1":{"start":{"line":4,"column":36},"end":{"line":4,"column":64}},"2":{"start":{"line":6,"column":4},"end":{"line":6,"column":40}},"3":{"start":{"line":7,"column":34},"end":{"line":7,"column":68}},"4":{"start":{"line":8,"column":35},"end":{"line":8,"column":62}},"5":{"start":{"line":9,"column":38},"end":{"line":9,"column":65}},"6":{"start":{"line":10,"column":36},"end":{"line":10,"column":63}},"7":{"start":{"line":11,"column":37},"end":{"line":11,"column":64}},"8":{"start":{"line":13,"column":4},"end":{"line":13,"column":68}}},"fnMap":{"0":{"name":"(anonymous_0)","decl":{"start":{"line":4,"column":15},"end":{"line":4,"column":16}},"loc":{"start":{"line":4,"column":36},"end":{"line":4,"column":64}},"line":4},"1":{"name":"(anonymous_1)","decl":{"start":{"line":5,"column":17},"end":{"line":5,"column":18}},"loc":{"start":{"line":6,"column":4},"end":{"line":6,"column":40}},"line":6},"2":{"name":"(anonymous_2)","decl":{"start":{"line":7,"column":11},"end":{"line":7,"column":12}},"loc":{"start":{"line":7,"column":34},"end":{"line":7,"column":68}},"line":7},"3":{"name":"(anonymous_3)","decl":{"start":{"line":8,"column":16},"end":{"line":8,"column":17}},"loc":{"start":{"line":8,"column":35},"end":{"line":8,"column":62}},"line":8},"4":{"name":"(anonymous_4)","decl":{"start":{"line":9,"column":19},"end":{"line":9,"column":20}},"loc":{"start":{"line":9,"column":38},"end":{"line":9,"column":65}},"line":9},"5":{"name":"(anonymous_5)","decl":{"start":{"line":10,"column":17},"end":{"line":10,"column":18}},"loc":{"start":{"line":10,"column":36},"end":{"line":10,"column":63}},"line":10},"6":{"name":"(anonymous_6)","decl":{"start":{"line":11,"column":18},"end":{"line":11,"column":19}},"loc":{"start":{"line":11,"column":37},"end":{"line":11,"column":64}},"line":11},"7":{"name":"(anonymous_7)","decl":{"start":{"line":12,"column":17},"end":{"line":12,"column":18}},"loc":{"start":{"line":13,"column":4},"end":{"line":13,"column":68}},"line":13}},"branchMap":{"0":{"loc":{"start":{"line":4,"column":53},"end":{"line":4,"column":63}},"type":"binary-expr","locations":[{"start":{"line":4,"column":53},"end":{"line":4,"column":57}},{"start":{"line":4,"column":61},"end":{"line":4,"column":63}}],"line":4},"1":{"loc":{"start":{"line":6,"column":16},"end":{"line":6,"column":39}},"type":"binary-expr","locations":[{"start":{"line":6,"column":16},"end":{"line":6,"column":26}},{"start":{"line":6,"column":30},"end":{"line":6,"column":39}}],"line":6},"2":{"loc":{"start":{"line":7,"column":34},"end":{"line":7,"column":68}},"type":"cond-expr","locations":[{"start":{"line":7,"column":42},"end":{"line":7,"column":47}},{"start":{"line":7,"column":50},"end":{"line":7,"column":68}}],"line":7},"3":{"loc":{"start":{"line":8,"column":53},"end":{"line":8,"column":60}},"type":"binary-expr","locations":[{"start":{"line":8,"column":53},"end":{"line":8,"column":55}},{"start":{"line":8,"column":59},"end":{"line":8,"column":60}}],"line":8},"4":{"loc":{"start":{"line":9,"column":56},"end":{"line":9,"column":63}},"type":"binary-expr","locations":[{"start":{"line":9,"column":56},"end":{"line":9,"column":58}},{"start":{"line":9,"column":62},"end":{"line":9,"column":63}}],"line":9},"5":{"loc":{"start":{"line":10,"column":54},"end":{"line":10,"column":61}},"type":"binary-expr","locations":[{"start":{"line":10,"column":54},"end":{"line":10,"column":56}},{"start":{"line":10,"column":60},"end":{"line":10,"column":61}}],"line":10},"6":{"loc":{"start":{"line":11,"column":55},"end":{"line":11,"column":62}},"type":"binary-expr","locations":[{"start":{"line":11,"column":55},"end":{"line":11,"column":57}},{"start":{"line":11,"column":61},"end":{"line":11,"column":62}}],"line":11},"7":{"loc":{"start":{"line":13,"column":4},"end":{"line":13,"column":68}},"type":"cond-expr","locations":[{"start":{"line":13,"column":9},"end":{"line":13,"column":36}},{"start":{"line":13,"column":39},"end":{"line":13,"column":68}}],"line":13}},"s":{"0":1,"1":0,"2":0,"3":0,"4":0,"5":0,"6":0,"7":0,"8":0},"f":{"0":0,"1":0,"2":0,"3":0,"4":0,"5":0,"6":0,"7":0},"b":{"0":[0,0],"1":[0,0],"2":[0,0],"3":[0,0],"4":[0,0],"5":[0,0],"6":[0,0],"7":[0,0]},"_coverageSchema":"1a1c01bbd47fc00a2c39e90264f33305004495a9","hash":"93d7bada84720b4d3cc542887858c0b16843cc3c"}
}
