TN:
SF:src\components\index.ts
FNF:0
FNH:0
LF:0
LH:0
BRF:0
BRH:0
end_of_record
TN:
SF:src\components\BottomBar\index.tsx
FN:19,(anonymous_0)
FN:26,(anonymous_1)
FN:37,(anonymous_2)
FN:50,(anonymous_3)
FNF:4
FNH:0
FNDA:0,(anonymous_0)
FNDA:0,(anonymous_1)
FNDA:0,(anonymous_2)
FNDA:0,(anonymous_3)
DA:8,1
DA:17,1
DA:19,1
DA:24,0
DA:27,0
DA:29,0
DA:35,0
DA:37,0
DA:38,0
DA:44,0
DA:46,0
DA:50,0
DA:51,0
DA:57,0
LF:14
LH:3
BRDA:29,0,0,0
BRDA:29,0,1,0
BRDA:31,1,0,0
BRDA:31,1,1,0
BRDA:44,2,0,0
BRDA:44,2,1,0
BRDA:44,3,0,0
BRDA:44,3,1,0
BRDA:60,4,0,0
BRDA:60,4,1,0
BRDA:70,5,0,0
BRDA:70,5,1,0
BRDA:75,6,0,0
BRDA:75,6,1,0
BRF:14
BRH:0
end_of_record
TN:
SF:src\components\CustomTheme\index.tsx
FN:9,(anonymous_0)
FNF:1
FNH:1
FNDA:7,(anonymous_0)
DA:9,1
DA:10,7
LF:2
LH:2
BRF:0
BRH:0
end_of_record
TN:
SF:src\components\Hero\index.tsx
FN:30,(anonymous_0)
FN:37,(anonymous_1)
FN:40,(anonymous_2)
FN:46,addDataToFavorites
FN:51,removeDataFromFavorites
FN:56,(anonymous_5)
FN:88,(anonymous_6)
FN:95,(anonymous_7)
FN:101,(anonymous_8)
FNF:9
FNH:1
FNDA:7,(anonymous_0)
FNDA:0,(anonymous_1)
FNDA:0,(anonymous_2)
FNDA:0,addDataToFavorites
FNDA:0,removeDataFromFavorites
FNDA:0,(anonymous_5)
FNDA:0,(anonymous_6)
FNDA:0,(anonymous_7)
FNDA:0,(anonymous_8)
DA:30,1
DA:31,7
DA:33,7
DA:34,0
DA:35,0
DA:37,0
DA:38,0
DA:39,0
DA:40,0
DA:43,0
DA:47,0
DA:48,0
DA:52,0
DA:53,0
DA:56,0
DA:57,0
DA:61,0
DA:89,0
LF:18
LH:3
BRDA:35,0,0,0
BRDA:35,0,1,0
BRDA:40,1,0,0
BRDA:40,1,1,0
BRDA:71,2,0,0
BRDA:71,2,1,0
BRDA:84,3,0,0
BRDA:84,3,1,0
BRDA:86,4,0,0
BRDA:86,4,1,0
BRDA:89,5,0,0
BRDA:89,5,1,0
BRDA:95,6,0,0
BRDA:95,6,1,0
BRDA:97,7,0,0
BRDA:97,7,1,0
BRF:16
BRH:0
end_of_record
TN:
SF:src\components\IconButton\index.tsx
FN:13,(anonymous_0)
FNF:1
FNH:0
FNDA:0,(anonymous_0)
DA:13,1
DA:14,0
LF:2
LH:1
BRF:0
BRH:0
end_of_record
TN:
SF:src\components\Logo\index.tsx
FN:10,(anonymous_0)
FNF:1
FNH:0
FNDA:0,(anonymous_0)
DA:10,1
DA:11,0
LF:2
LH:1
BRF:0
BRH:0
end_of_record
TN:
SF:src\components\Text\index.ts
FN:4,(anonymous_0)
FN:5,(anonymous_1)
FN:7,(anonymous_2)
FN:8,(anonymous_3)
FN:9,(anonymous_4)
FN:10,(anonymous_5)
FN:11,(anonymous_6)
FN:12,(anonymous_7)
FNF:8
FNH:0
FNDA:0,(anonymous_0)
FNDA:0,(anonymous_1)
FNDA:0,(anonymous_2)
FNDA:0,(anonymous_3)
FNDA:0,(anonymous_4)
FNDA:0,(anonymous_5)
FNDA:0,(anonymous_6)
FNDA:0,(anonymous_7)
DA:3,1
DA:4,0
DA:6,0
DA:7,0
DA:8,0
DA:9,0
DA:10,0
DA:11,0
DA:13,0
LF:9
LH:1
BRDA:4,0,0,0
BRDA:4,0,1,0
BRDA:6,1,0,0
BRDA:6,1,1,0
BRDA:7,2,0,0
BRDA:7,2,1,0
BRDA:8,3,0,0
BRDA:8,3,1,0
BRDA:9,4,0,0
BRDA:9,4,1,0
BRDA:10,5,0,0
BRDA:10,5,1,0
BRDA:11,6,0,0
BRDA:11,6,1,0
BRDA:13,7,0,0
BRDA:13,7,1,0
BRF:16
BRH:0
end_of_record
