{"C:\\Users\\andre.souza\\Documents\\estudos\\testes\\react-testes\\shopcart-test-zustand\\src\\store\\cart\\index.ts": {"path":"C:\\Users\\andre.souza\\Documents\\estudos\\testes\\react-testes\\shopcart-test-zustand\\src\\store\\cart\\index.ts","all":false,"statementMap":{"0":{"start":{"line":1,"column":0},"end":{"line":1,"column":29}},"1":{"start":{"line":2,"column":0},"end":{"line":2,"column":42}},"2":{"start":{"line":3,"column":0},"end":{"line":3,"column":0}},"3":{"start":{"line":4,"column":0},"end":{"line":4,"column":20}},"4":{"start":{"line":5,"column":0},"end":{"line":5,"column":13}},"5":{"start":{"line":6,"column":0},"end":{"line":6,"column":15}},"6":{"start":{"line":7,"column":0},"end":{"line":7,"column":16}},"7":{"start":{"line":8,"column":0},"end":{"line":8,"column":2}},"8":{"start":{"line":9,"column":0},"end":{"line":9,"column":0}},"9":{"start":{"line":10,"column":0},"end":{"line":10,"column":26}},"10":{"start":{"line":11,"column":0},"end":{"line":11,"column":10}},"11":{"start":{"line":12,"column":0},"end":{"line":12,"column":18}},"12":{"start":{"line":13,"column":0},"end":{"line":13,"column":28}},"13":{"start":{"line":14,"column":0},"end":{"line":14,"column":4}},"14":{"start":{"line":15,"column":0},"end":{"line":15,"column":12}},"15":{"start":{"line":16,"column":0},"end":{"line":16,"column":23}},"16":{"start":{"line":17,"column":0},"end":{"line":17,"column":47}},"17":{"start":{"line":18,"column":0},"end":{"line":18,"column":27}},"18":{"start":{"line":19,"column":0},"end":{"line":19,"column":34}},"19":{"start":{"line":20,"column":0},"end":{"line":20,"column":4}},"20":{"start":{"line":21,"column":0},"end":{"line":21,"column":1}},"21":{"start":{"line":22,"column":0},"end":{"line":22,"column":0}},"22":{"start":{"line":23,"column":0},"end":{"line":23,"column":22}},"23":{"start":{"line":24,"column":0},"end":{"line":24,"column":14}},"24":{"start":{"line":25,"column":0},"end":{"line":25,"column":15}},"25":{"start":{"line":26,"column":0},"end":{"line":26,"column":2}},"26":{"start":{"line":27,"column":0},"end":{"line":27,"column":0}},"27":{"start":{"line":28,"column":0},"end":{"line":28,"column":61}},"28":{"start":{"line":29,"column":0},"end":{"line":29,"column":10}},"29":{"start":{"line":30,"column":0},"end":{"line":30,"column":31}},"30":{"start":{"line":31,"column":0},"end":{"line":31,"column":14}},"31":{"start":{"line":32,"column":0},"end":{"line":32,"column":19}},"32":{"start":{"line":33,"column":0},"end":{"line":33,"column":28}},"33":{"start":{"line":34,"column":0},"end":{"line":34,"column":60}},"34":{"start":{"line":35,"column":0},"end":{"line":35,"column":11}},"35":{"start":{"line":36,"column":0},"end":{"line":36,"column":43}},"36":{"start":{"line":37,"column":0},"end":{"line":37,"column":28}},"37":{"start":{"line":38,"column":0},"end":{"line":38,"column":50}},"38":{"start":{"line":39,"column":0},"end":{"line":39,"column":41}},"39":{"start":{"line":40,"column":0},"end":{"line":40,"column":11}},"40":{"start":{"line":41,"column":0},"end":{"line":41,"column":0}},"41":{"start":{"line":42,"column":0},"end":{"line":42,"column":18}},"42":{"start":{"line":43,"column":0},"end":{"line":43,"column":44}},"43":{"start":{"line":44,"column":0},"end":{"line":44,"column":12}},"44":{"start":{"line":45,"column":0},"end":{"line":45,"column":11}},"45":{"start":{"line":46,"column":0},"end":{"line":46,"column":25}},"46":{"start":{"line":47,"column":0},"end":{"line":47,"column":33}},"47":{"start":{"line":48,"column":0},"end":{"line":48,"column":31}},"48":{"start":{"line":49,"column":0},"end":{"line":49,"column":32}},"49":{"start":{"line":50,"column":0},"end":{"line":50,"column":41}},"50":{"start":{"line":51,"column":0},"end":{"line":51,"column":11}},"51":{"start":{"line":52,"column":0},"end":{"line":52,"column":8}},"52":{"start":{"line":53,"column":0},"end":{"line":53,"column":48}},"53":{"start":{"line":54,"column":0},"end":{"line":54,"column":35}},"54":{"start":{"line":55,"column":0},"end":{"line":55,"column":77}},"55":{"start":{"line":56,"column":0},"end":{"line":56,"column":41}},"56":{"start":{"line":57,"column":0},"end":{"line":57,"column":11}},"57":{"start":{"line":58,"column":0},"end":{"line":58,"column":8}},"58":{"start":{"line":59,"column":0},"end":{"line":59,"column":32}},"59":{"start":{"line":60,"column":0},"end":{"line":60,"column":35}},"60":{"start":{"line":61,"column":0},"end":{"line":61,"column":30}},"61":{"start":{"line":62,"column":0},"end":{"line":62,"column":41}},"62":{"start":{"line":63,"column":0},"end":{"line":63,"column":11}},"63":{"start":{"line":64,"column":0},"end":{"line":64,"column":8}},"64":{"start":{"line":65,"column":0},"end":{"line":65,"column":6}},"65":{"start":{"line":66,"column":0},"end":{"line":66,"column":4}},"66":{"start":{"line":67,"column":0},"end":{"line":67,"column":3}}},"s":{"0":1,"1":1,"2":1,"3":1,"4":1,"5":1,"6":1,"7":1,"8":1,"9":1,"10":1,"11":1,"12":1,"13":1,"14":1,"15":1,"16":1,"17":1,"18":1,"19":1,"20":1,"21":1,"22":1,"23":1,"24":1,"25":1,"26":1,"27":1,"28":1,"29":1,"30":1,"31":1,"32":2,"33":2,"34":1,"35":1,"36":6,"37":6,"38":5,"39":5,"40":6,"41":6,"42":6,"43":6,"44":1,"45":1,"46":6,"47":6,"48":6,"49":6,"50":6,"51":6,"52":1,"53":1,"54":1,"55":1,"56":1,"57":1,"58":1,"59":1,"60":1,"61":1,"62":1,"63":1,"64":1,"65":1,"66":1},"branchMap":{"0":{"type":"branch","line":28,"loc":{"start":{"line":28,"column":13},"end":{"line":28,"column":25}},"locations":[{"start":{"line":28,"column":13},"end":{"line":28,"column":25}}]},"1":{"type":"branch","line":28,"loc":{"start":{"line":28,"column":51},"end":{"line":67,"column":2}},"locations":[{"start":{"line":28,"column":51},"end":{"line":67,"column":2}}]},"2":{"type":"branch","line":32,"loc":{"start":{"line":32,"column":14},"end":{"line":35,"column":10}},"locations":[{"start":{"line":32,"column":14},"end":{"line":35,"column":10}}]},"3":{"type":"branch","line":33,"loc":{"start":{"line":33,"column":12},"end":{"line":35,"column":10}},"locations":[{"start":{"line":33,"column":12},"end":{"line":35,"column":10}}]},"4":{"type":"branch","line":36,"loc":{"start":{"line":36,"column":18},"end":{"line":45,"column":10}},"locations":[{"start":{"line":36,"column":18},"end":{"line":45,"column":10}}]},"5":{"type":"branch","line":37,"loc":{"start":{"line":37,"column":12},"end":{"line":45,"column":10}},"locations":[{"start":{"line":37,"column":12},"end":{"line":45,"column":10}}]},"6":{"type":"branch","line":38,"loc":{"start":{"line":38,"column":49},"end":{"line":40,"column":11}},"locations":[{"start":{"line":38,"column":49},"end":{"line":40,"column":11}}]},"7":{"type":"branch","line":46,"loc":{"start":{"line":46,"column":18},"end":{"line":52,"column":8}},"locations":[{"start":{"line":46,"column":18},"end":{"line":52,"column":8}}]},"8":{"type":"branch","line":47,"loc":{"start":{"line":47,"column":19},"end":{"line":51,"column":10}},"locations":[{"start":{"line":47,"column":19},"end":{"line":51,"column":10}}]},"9":{"type":"branch","line":53,"loc":{"start":{"line":53,"column":21},"end":{"line":58,"column":8}},"locations":[{"start":{"line":53,"column":21},"end":{"line":58,"column":8}}]},"10":{"type":"branch","line":54,"loc":{"start":{"line":54,"column":19},"end":{"line":57,"column":10}},"locations":[{"start":{"line":54,"column":19},"end":{"line":57,"column":10}}]},"11":{"type":"branch","line":55,"loc":{"start":{"line":55,"column":49},"end":{"line":55,"column":75}},"locations":[{"start":{"line":55,"column":49},"end":{"line":55,"column":75}}]},"12":{"type":"branch","line":59,"loc":{"start":{"line":59,"column":25},"end":{"line":64,"column":8}},"locations":[{"start":{"line":59,"column":25},"end":{"line":64,"column":8}}]},"13":{"type":"branch","line":60,"loc":{"start":{"line":60,"column":19},"end":{"line":63,"column":10}},"locations":[{"start":{"line":60,"column":19},"end":{"line":63,"column":10}}]}},"b":{"0":[19],"1":[1],"2":[2],"3":[2],"4":[6],"5":[6],"6":[5],"7":[6],"8":[6],"9":[1],"10":[1],"11":[2],"12":[1],"13":[1]},"fnMap":{"0":{"name":"get","decl":{"start":{"line":28,"column":13},"end":{"line":28,"column":25}},"loc":{"start":{"line":28,"column":13},"end":{"line":28,"column":25}},"line":28},"1":{"name":"toggle","decl":{"start":{"line":32,"column":14},"end":{"line":35,"column":10}},"loc":{"start":{"line":32,"column":14},"end":{"line":35,"column":10}},"line":32},"2":{"name":"addProduct","decl":{"start":{"line":36,"column":18},"end":{"line":45,"column":10}},"loc":{"start":{"line":36,"column":18},"end":{"line":45,"column":10}},"line":36},"3":{"name":"resetStore","decl":{"start":{"line":46,"column":18},"end":{"line":52,"column":8}},"loc":{"start":{"line":46,"column":18},"end":{"line":52,"column":8}},"line":46},"4":{"name":"removeProduct","decl":{"start":{"line":53,"column":21},"end":{"line":58,"column":8}},"loc":{"start":{"line":53,"column":21},"end":{"line":58,"column":8}},"line":53},"5":{"name":"removeAllProducts","decl":{"start":{"line":59,"column":25},"end":{"line":64,"column":8}},"loc":{"start":{"line":59,"column":25},"end":{"line":64,"column":8}},"line":59}},"f":{"0":19,"1":2,"2":6,"3":6,"4":1,"5":1}}
}
