TN:
SF:src\components\Dropdown\index.tsx
FN:9,get
FN:9,Dropdown
FN:12,handleSelection
FN:19,onClick
FN:29,onClick
FNF:5
FNH:5
FNDA:3,get
FNDA:6,Dropdown
FNDA:1,handleSelection
FNDA:2,onClick
FNDA:1,onClick
DA:1,1
DA:2,1
DA:3,1
DA:4,1
DA:5,1
DA:6,1
DA:7,1
DA:8,1
DA:9,1
DA:10,6
DA:11,6
DA:12,6
DA:13,1
DA:14,1
DA:15,6
DA:16,6
DA:17,6
DA:18,6
DA:19,6
DA:20,6
DA:21,6
DA:22,6
DA:23,6
DA:24,2
DA:25,2
DA:26,6
DA:27,6
DA:28,6
DA:29,2
DA:30,2
DA:31,2
DA:32,2
DA:33,2
DA:34,2
DA:35,6
DA:36,6
DA:37,6
DA:38,1
LF:38
LH:38
BRDA:9,0,0,3
BRDA:9,1,0,6
BRDA:23,2,0,2
BRDA:12,3,0,1
BRDA:19,4,0,2
BRDA:25,5,0,6
BRDA:29,6,0,1
BRF:7
BRH:7
end_of_record
