TN:
SF:src\components\ApiComponent\index.tsx
FN:3,get
FN:3,ApiComponent
FNF:2
FNH:2
FNDA:1,get
FNDA:2,ApiComponent
DA:1,1
DA:2,1
DA:3,1
DA:4,2
DA:5,2
DA:6,2
DA:7,2
DA:8,2
DA:9,1
DA:10,1
DA:11,1
DA:12,1
DA:13,1
DA:14,1
DA:15,1
DA:16,1
DA:17,1
DA:18,1
DA:19,1
DA:20,1
DA:21,1
DA:22,2
DA:23,2
DA:24,2
DA:25,1
LF:25
LH:25
BRDA:3,0,0,1
BRDA:3,1,0,2
BRDA:24,2,0,1
BRDA:8,3,0,1
BRDA:12,4,0,1
BRDA:13,5,0,1
BRDA:19,6,0,1
BRF:7
BRH:7
end_of_record
TN:
SF:src\components\ButtonWarraper\index.tsx
FN:11,get
FN:11,ButtonWrapper
FNF:2
FNH:2
FNDA:1,get
FNDA:1,ButtonWrapper
DA:1,1
DA:2,1
DA:3,1
DA:4,1
DA:5,1
DA:6,1
DA:7,1
DA:8,1
DA:9,1
DA:10,1
DA:11,1
DA:12,1
DA:13,1
LF:13
LH:13
BRDA:11,0,0,1
BRDA:11,1,0,1
BRF:2
BRH:2
end_of_record
TN:
SF:src\components\Counter\index.tsx
FN:3,get
FN:3,Counter
FN:8,onClick
FNF:3
FNH:3
FNDA:1,get
FNDA:2,Counter
FNDA:1,onClick
DA:1,1
DA:2,1
DA:3,1
DA:4,2
DA:5,2
DA:6,2
DA:7,2
DA:8,2
DA:9,2
DA:10,2
DA:11,2
DA:12,1
LF:12
LH:12
BRDA:3,0,0,1
BRDA:3,1,0,2
BRDA:8,2,0,1
BRF:3
BRH:3
end_of_record
TN:
SF:src\components\Dropdown\index.tsx
FN:9,get
FN:9,Dropdown
FN:12,handleSelection
FN:19,onClick
FN:29,onClick
FNF:5
FNH:5
FNDA:3,get
FNDA:6,Dropdown
FNDA:1,handleSelection
FNDA:2,onClick
FNDA:1,onClick
DA:1,1
DA:2,1
DA:3,1
DA:4,1
DA:5,1
DA:6,1
DA:7,1
DA:8,1
DA:9,1
DA:10,6
DA:11,6
DA:12,6
DA:13,1
DA:14,1
DA:15,6
DA:16,6
DA:17,6
DA:18,6
DA:19,6
DA:20,6
DA:21,6
DA:22,6
DA:23,6
DA:24,2
DA:25,2
DA:26,6
DA:27,6
DA:28,6
DA:29,2
DA:30,2
DA:31,2
DA:32,2
DA:33,2
DA:34,2
DA:35,6
DA:36,6
DA:37,6
DA:38,1
LF:38
LH:38
BRDA:9,0,0,3
BRDA:9,1,0,6
BRDA:23,2,0,2
BRDA:12,3,0,1
BRDA:19,4,0,2
BRDA:25,5,0,6
BRDA:29,6,0,1
BRF:7
BRH:7
end_of_record
TN:
SF:src\components\Person\index.tsx
FN:7,get
FN:7,Person
FNF:2
FNH:2
FNDA:1,get
FNDA:1,Person
DA:1,1
DA:2,1
DA:3,1
DA:4,1
DA:5,1
DA:6,1
DA:7,1
DA:8,1
DA:9,1
LF:9
LH:9
BRDA:7,0,0,1
BRDA:7,1,0,1
BRF:2
BRH:2
end_of_record
TN:
SF:src\components\SideBar\index.tsx
FN:8,get
FN:8,SideBar
FNF:2
FNH:2
FNDA:1,get
FNDA:1,SideBar
DA:1,1
DA:2,1
DA:3,1
DA:4,1
DA:5,1
DA:6,1
DA:7,1
DA:8,1
DA:9,1
DA:10,1
DA:11,1
DA:12,3
DA:13,1
DA:14,1
DA:15,1
DA:16,1
DA:17,1
DA:18,1
LF:18
LH:18
BRDA:8,0,0,1
BRDA:8,1,0,1
BRDA:11,2,0,3
BRF:3
BRH:3
end_of_record
TN:
SF:src\hooks\useApi.ts
FN:4,get
FN:4,useApi
FNF:2
FNH:2
FNDA:2,get
FNDA:2,useApi
DA:1,1
DA:2,1
DA:3,1
DA:4,1
DA:5,2
DA:6,2
DA:7,2
DA:8,2
DA:9,2
DA:10,1
DA:11,1
DA:12,1
DA:13,1
DA:14,1
DA:15,1
DA:16,1
DA:17,1
DA:18,1
DA:19,1
DA:20,1
DA:21,1
DA:22,1
DA:23,2
DA:24,2
DA:25,2
DA:26,2
LF:26
LH:26
BRDA:4,0,0,2
BRDA:4,1,0,2
BRDA:9,2,0,1
BRDA:13,3,0,1
BRDA:14,4,0,1
BRDA:20,5,0,1
BRF:6
BRH:6
end_of_record
